<?xml version="1.0" encoding="UTF-8"?>
<testsuite name="hexlet.code.ParserTest" tests="2" skipped="0" failures="0" errors="0" timestamp="2022-10-30T14:34:48" hostname="SergeiMed" time="0.003">
  <properties/>
  <testcase name="parserYamlTest()" classname="hexlet.code.ParserTest" time="0.001"/>
  <testcase name="parserJsonTest()" classname="hexlet.code.ParserTest" time="0.001"/>
  <system-out><![CDATA[]]></system-out>
  <system-err><![CDATA[]]></system-err>
</testsuite>
