<?xml version="1.0" encoding="UTF-8"?>
<testsuite name="hexlet.code.ParserTest" tests="2" skipped="0" failures="0" errors="0" timestamp="2022-11-15T21:26:13" hostname="SergeiMed" time="0.004">
  <properties/>
  <testcase name="parserYamlTest()" classname="hexlet.code.ParserTest" time="0.002"/>
  <testcase name="parserJsonTest()" classname="hexlet.code.ParserTest" time="0.001"/>
  <system-out><![CDATA[]]></system-out>
  <system-err><![CDATA[]]></system-err>
</testsuite>
