<?xml version="1.0" encoding="UTF-8"?>
<testsuite name="hexlet.code.DifferTest" tests="8" skipped="0" failures="0" errors="0" timestamp="2022-10-30T14:34:47" hostname="SergeiMed" time="0.525">
  <properties/>
  <testcase name="testJsonDifferJson()" classname="hexlet.code.DifferTest" time="0.452"/>
  <testcase name="testYamlDifferPlain()" classname="hexlet.code.DifferTest" time="0.051"/>
  <testcase name="testYamlDifferJson()" classname="hexlet.code.DifferTest" time="0.004"/>
  <testcase name="testJsonDifferDefault()" classname="hexlet.code.DifferTest" time="0.003"/>
  <testcase name="testJsonDifferStylish()" classname="hexlet.code.DifferTest" time="0.003"/>
  <testcase name="testJsonDifferPlain()" classname="hexlet.code.DifferTest" time="0.002"/>
  <testcase name="testYamlDifferDefault()" classname="hexlet.code.DifferTest" time="0.002"/>
  <testcase name="testYamlDifferStylish()" classname="hexlet.code.DifferTest" time="0.003"/>
  <system-out><![CDATA[]]></system-out>
  <system-err><![CDATA[]]></system-err>
</testsuite>
