<?xml version="1.0" encoding="UTF-8"?>
<testsuite name="hexlet.code.AppTest" tests="1" skipped="0" failures="0" errors="0" timestamp="2022-08-08T04:20:20" hostname="SergeiMed" time="0.015">
  <properties/>
  <testcase name="testApp()" classname="hexlet.code.AppTest" time="0.015"/>
  <system-out><![CDATA[]]></system-out>
  <system-err><![CDATA[]]></system-err>
</testsuite>
