<?xml version="1.0" encoding="UTF-8"?>
<testsuite name="hexlet.code.DifferTest" tests="1" skipped="0" failures="0" errors="0" timestamp="2022-08-09T04:21:43" hostname="SergeiMed" time="0.453">
  <properties/>
  <testcase name="testDiffer()" classname="hexlet.code.DifferTest" time="0.453"/>
  <system-out><![CDATA[{
- follow: false
  host: hexlet.io
- proxy: 123.234.53.22
- timeout: 50
+ timeout: 20
+ verbose: true
}
]]></system-out>
  <system-err><![CDATA[]]></system-err>
</testsuite>
