<?xml version="1.0" encoding="UTF-8"?>
<testsuite name="hexlet.code.ParserTest" tests="1" skipped="0" failures="0" errors="0" timestamp="2022-08-09T04:21:44" hostname="SergeiMed" time="0.002">
  <properties/>
  <testcase name="parserTest()" classname="hexlet.code.ParserTest" time="0.002"/>
  <system-out><![CDATA[]]></system-out>
  <system-err><![CDATA[]]></system-err>
</testsuite>
